<?xml version="1.0" encoding="UTF-8"?>
<!-- Generated by org.testng.reporters.JUnitReportReporter -->
<testsuite hostname="Akhilesh-PC" name="com.test.git.maven.DemoTest" tests="1" failures="0" timestamp="23 Oct 2019 20:37:26 GMT" time="53.499" errors="0">
  <testcase name="nameGit" time="53.499" classname="com.test.git.maven.DemoTest"/>
</testsuite> <!-- com.test.git.maven.DemoTest -->
